<?xml version="1.0" encoding="UTF-8"?>
<!-- Generated by org.testng.reporters.JUnitXMLReporter -->
<testsuite hostname="DESKTOP-DTOX247" ignored="0" name="Default test" tests="7" failures="0" timestamp="2021-12-15T12:51:20 IST" time="33.765" errors="0">
  <testcase name="PositveMultiplication" time="4.81" classname="seleniumDemo.BrowserLaunch_TestNG"/>
  <testcase name="PositveNegativeAddition" time="4.259" classname="seleniumDemo.BrowserLaunch_TestNG"/>
  <testcase name="SubtractionOfNigativeIntegers" time="4.28" classname="seleniumDemo.BrowserLaunch_TestNG"/>
  <testcase name="SubtractionOfPositiveIntegers" time="4.304" classname="seleniumDemo.BrowserLaunch_TestNG"/>
  <testcase name="negativeMultiplication" time="3.503" classname="seleniumDemo.BrowserLaunch_TestNG"/>
  <testcase name="threeDigitAddition" time="5.724" classname="seleniumDemo.BrowserLaunch_TestNG"/>
  <testcase name="twoDigitAddition" time="3.995" classname="seleniumDemo.BrowserLaunch_TestNG"/>
</testsuite> <!-- Default test -->
