<?xml version="1.0" encoding="UTF-8"?>
<testng-results skipped="0" failed="0" ignored="0" total="7" passed="7">
  <reporter-output>
  </reporter-output>
  <suite name="Default suite" duration-ms="33765" started-at="2021-12-15T12:50:46 IST" finished-at="2021-12-15T12:51:20 IST">
    <groups>
    </groups>
    <test name="Default test" duration-ms="33765" started-at="2021-12-15T12:50:46 IST" finished-at="2021-12-15T12:51:20 IST">
      <class name="seleniumDemo.BrowserLaunch_TestNG">
        <test-method status="PASS" signature="setUpBrowser()[pri:0, instance:seleniumDemo.BrowserLaunch_TestNG@74650e52]" name="setUpBrowser" is-config="true" duration-ms="2779" started-at="2021-12-15T12:50:46 IST" finished-at="2021-12-15T12:50:49 IST">
          <reporter-output>
          </reporter-output>
        </test-method> <!-- setUpBrowser -->
        <test-method status="PASS" signature="PositveMultiplication()[pri:0, instance:seleniumDemo.BrowserLaunch_TestNG@74650e52]" name="PositveMultiplication" duration-ms="4810" started-at="2021-12-15T12:50:49 IST" finished-at="2021-12-15T12:50:53 IST">
          <reporter-output>
          </reporter-output>
        </test-method> <!-- PositveMultiplication -->
        <test-method status="PASS" signature="PositveNegativeAddition()[pri:0, instance:seleniumDemo.BrowserLaunch_TestNG@74650e52]" name="PositveNegativeAddition" duration-ms="4259" started-at="2021-12-15T12:50:53 IST" finished-at="2021-12-15T12:50:58 IST">
          <reporter-output>
          </reporter-output>
        </test-method> <!-- PositveNegativeAddition -->
        <test-method status="PASS" signature="SubtractionOfNigativeIntegers()[pri:0, instance:seleniumDemo.BrowserLaunch_TestNG@74650e52]" name="SubtractionOfNigativeIntegers" duration-ms="4280" started-at="2021-12-15T12:50:58 IST" finished-at="2021-12-15T12:51:02 IST">
          <reporter-output>
          </reporter-output>
        </test-method> <!-- SubtractionOfNigativeIntegers -->
        <test-method status="PASS" signature="SubtractionOfPositiveIntegers()[pri:0, instance:seleniumDemo.BrowserLaunch_TestNG@74650e52]" name="SubtractionOfPositiveIntegers" duration-ms="4304" started-at="2021-12-15T12:51:02 IST" finished-at="2021-12-15T12:51:06 IST">
          <reporter-output>
          </reporter-output>
        </test-method> <!-- SubtractionOfPositiveIntegers -->
        <test-method status="PASS" signature="negativeMultiplication()[pri:0, instance:seleniumDemo.BrowserLaunch_TestNG@74650e52]" name="negativeMultiplication" duration-ms="3503" started-at="2021-12-15T12:51:06 IST" finished-at="2021-12-15T12:51:10 IST">
          <reporter-output>
          </reporter-output>
        </test-method> <!-- negativeMultiplication -->
        <test-method status="PASS" signature="threeDigitAddition()[pri:0, instance:seleniumDemo.BrowserLaunch_TestNG@74650e52]" name="threeDigitAddition" duration-ms="5724" started-at="2021-12-15T12:51:10 IST" finished-at="2021-12-15T12:51:16 IST">
          <reporter-output>
          </reporter-output>
        </test-method> <!-- threeDigitAddition -->
        <test-method status="PASS" signature="twoDigitAddition()[pri:0, instance:seleniumDemo.BrowserLaunch_TestNG@74650e52]" name="twoDigitAddition" duration-ms="3995" started-at="2021-12-15T12:51:16 IST" finished-at="2021-12-15T12:51:20 IST">
          <reporter-output>
          </reporter-output>
        </test-method> <!-- twoDigitAddition -->
      </class> <!-- seleniumDemo.BrowserLaunch_TestNG -->
    </test> <!-- Default test -->
  </suite> <!-- Default suite -->
</testng-results>
